-------------------------------------------------------------------------------
Test set: fr.offsec.domain.ServiceTest
-------------------------------------------------------------------------------
Tests run: 1, Failures: 1, Errors: 0, Skipped: 0, Time elapsed: 0 sec <<< FAILURE! - in fr.offsec.domain.ServiceTest
test(fr.offsec.domain.ServiceTest)  Time elapsed: 0 sec  <<< FAILURE!
java.lang.AssertionError: Not yet implemented
	at org.junit.Assert.fail(Assert.java:88)
	at fr.offsec.domain.ServiceTest.test(ServiceTest.java:11)

