-------------------------------------------------------------------------------
Test set: fr.offsec.service.PortServiceTest
-------------------------------------------------------------------------------
Tests run: 1, Failures: 1, Errors: 0, Skipped: 0, Time elapsed: 0 sec <<< FAILURE! - in fr.offsec.service.PortServiceTest
test(fr.offsec.service.PortServiceTest)  Time elapsed: 0 sec  <<< FAILURE!
java.lang.AssertionError: Not yet implemented
	at org.junit.Assert.fail(Assert.java:88)
	at fr.offsec.service.PortServiceTest.test(PortServiceTest.java:11)

