-------------------------------------------------------------------------------
Test set: fr.offsec.service.JobServiceTest
-------------------------------------------------------------------------------
Tests run: 1, Failures: 1, Errors: 0, Skipped: 0, Time elapsed: 0.001 sec <<< FAILURE! - in fr.offsec.service.JobServiceTest
test(fr.offsec.service.JobServiceTest)  Time elapsed: 0.001 sec  <<< FAILURE!
java.lang.AssertionError: Not yet implemented
	at org.junit.Assert.fail(Assert.java:88)
	at fr.offsec.service.JobServiceTest.test(JobServiceTest.java:11)

