-------------------------------------------------------------------------------
Test set: fr.offsec.service.UserServiceTest
-------------------------------------------------------------------------------
Tests run: 1, Failures: 1, Errors: 0, Skipped: 0, Time elapsed: 0 sec <<< FAILURE! - in fr.offsec.service.UserServiceTest
test(fr.offsec.service.UserServiceTest)  Time elapsed: 0 sec  <<< FAILURE!
java.lang.AssertionError: Not yet implemented
	at org.junit.Assert.fail(Assert.java:88)
	at fr.offsec.service.UserServiceTest.test(UserServiceTest.java:11)

