-------------------------------------------------------------------------------
Test set: fr.offsec.dto.HostDTOTest
-------------------------------------------------------------------------------
Tests run: 1, Failures: 1, Errors: 0, Skipped: 0, Time elapsed: 0 sec <<< FAILURE! - in fr.offsec.dto.HostDTOTest
test(fr.offsec.dto.HostDTOTest)  Time elapsed: 0 sec  <<< FAILURE!
java.lang.AssertionError: Not yet implemented
	at org.junit.Assert.fail(Assert.java:88)
	at fr.offsec.dto.HostDTOTest.test(HostDTOTest.java:11)

