-------------------------------------------------------------------------------
Test set: fr.offsec.dto.UserDTOTest
-------------------------------------------------------------------------------
Tests run: 1, Failures: 1, Errors: 0, Skipped: 0, Time elapsed: 0 sec <<< FAILURE! - in fr.offsec.dto.UserDTOTest
test(fr.offsec.dto.UserDTOTest)  Time elapsed: 0 sec  <<< FAILURE!
java.lang.AssertionError: Not yet implemented
	at org.junit.Assert.fail(Assert.java:88)
	at fr.offsec.dto.UserDTOTest.test(UserDTOTest.java:11)

