-------------------------------------------------------------------------------
Test set: fr.offsec.domain.PortTest
-------------------------------------------------------------------------------
Tests run: 1, Failures: 1, Errors: 0, Skipped: 0, Time elapsed: 0 sec <<< FAILURE! - in fr.offsec.domain.PortTest
test(fr.offsec.domain.PortTest)  Time elapsed: 0 sec  <<< FAILURE!
java.lang.AssertionError: Not yet implemented
	at org.junit.Assert.fail(Assert.java:88)
	at fr.offsec.domain.PortTest.test(PortTest.java:11)

