-------------------------------------------------------------------------------
Test set: fr.offsec.dto.LogDTOTest
-------------------------------------------------------------------------------
Tests run: 1, Failures: 1, Errors: 0, Skipped: 0, Time elapsed: 0.001 sec <<< FAILURE! - in fr.offsec.dto.LogDTOTest
test(fr.offsec.dto.LogDTOTest)  Time elapsed: 0 sec  <<< FAILURE!
java.lang.AssertionError: Not yet implemented
	at org.junit.Assert.fail(Assert.java:88)
	at fr.offsec.dto.LogDTOTest.test(LogDTOTest.java:11)

