-------------------------------------------------------------------------------
Test set: fr.offsec.service.CVEServiceTest
-------------------------------------------------------------------------------
Tests run: 1, Failures: 1, Errors: 0, Skipped: 0, Time elapsed: 0.001 sec <<< FAILURE! - in fr.offsec.service.CVEServiceTest
test(fr.offsec.service.CVEServiceTest)  Time elapsed: 0 sec  <<< FAILURE!
java.lang.AssertionError: Not yet implemented
	at org.junit.Assert.fail(Assert.java:88)
	at fr.offsec.service.CVEServiceTest.test(CVEServiceTest.java:11)

