-------------------------------------------------------------------------------
Test set: fr.offsec.domain.JobTest
-------------------------------------------------------------------------------
Tests run: 1, Failures: 1, Errors: 0, Skipped: 0, Time elapsed: 0 sec <<< FAILURE! - in fr.offsec.domain.JobTest
test(fr.offsec.domain.JobTest)  Time elapsed: 0 sec  <<< FAILURE!
java.lang.AssertionError: Not yet implemented
	at org.junit.Assert.fail(Assert.java:88)
	at fr.offsec.domain.JobTest.test(JobTest.java:11)

