-------------------------------------------------------------------------------
Test set: fr.offsec.domain.UserTest
-------------------------------------------------------------------------------
Tests run: 1, Failures: 1, Errors: 0, Skipped: 0, Time elapsed: 0.015 sec <<< FAILURE! - in fr.offsec.domain.UserTest
test(fr.offsec.domain.UserTest)  Time elapsed: 0.008 sec  <<< FAILURE!
java.lang.AssertionError: Not yet implemented
	at org.junit.Assert.fail(Assert.java:88)
	at fr.offsec.domain.UserTest.test(UserTest.java:11)

