-------------------------------------------------------------------------------
Test set: fr.offsec.dto.ServiceDTOTest
-------------------------------------------------------------------------------
Tests run: 1, Failures: 1, Errors: 0, Skipped: 0, Time elapsed: 0 sec <<< FAILURE! - in fr.offsec.dto.ServiceDTOTest
test(fr.offsec.dto.ServiceDTOTest)  Time elapsed: 0 sec  <<< FAILURE!
java.lang.AssertionError: Not yet implemented
	at org.junit.Assert.fail(Assert.java:88)
	at fr.offsec.dto.ServiceDTOTest.test(ServiceDTOTest.java:11)

